[REQ] 2025-09-04T05:14:28.088Z GET / ip=::1
[RES] 2025-09-04T05:14:28.096Z GET / status=404 duration_ms=8
[REQ] 2025-09-04T05:17:38.968Z GET /shorturls ip=::1
[RES] 2025-09-04T05:17:38.986Z GET /shorturls status=404 duration_ms=18
[REQ] 2025-09-04T05:18:40.815Z POST /shorturls ip=::1
[RES] 2025-09-04T05:18:40.823Z POST /shorturls status=400 duration_ms=8
[REQ] 2025-09-04T05:19:58.963Z POST /shorturls ip=::1
[RES] 2025-09-04T05:19:58.965Z POST /shorturls status=400 duration_ms=2
[REQ] 2025-09-04T05:23:00.998Z POST /shorturls ip=::1
[RES] 2025-09-04T05:23:01.020Z POST /shorturls status=201 duration_ms=22
[REQ] 2025-09-04T05:24:03.705Z GET /abcd1 ip=::1
[RES] 2025-09-04T05:24:03.729Z GET /abcd1 status=302 duration_ms=24
[REQ] 2025-09-04T05:25:33.640Z GET /abcd1 ip=::1
[RES] 2025-09-04T05:25:33.657Z GET /abcd1 status=302 duration_ms=17
[REQ] 2025-09-04T05:26:06.764Z GET /shorturls/abcd1 ip=::1
[RES] 2025-09-04T05:26:06.773Z GET /shorturls/abcd1 status=200 duration_ms=9
[REQ] 2025-09-04T05:41:57.220Z POST /shorturls ip=::1
[RES] 2025-09-04T05:41:57.242Z POST /shorturls status=201 duration_ms=22
[REQ] 2025-09-04T05:42:13.129Z GET /google ip=::1
[RES] 2025-09-04T05:42:13.151Z GET /google status=302 duration_ms=22
[REQ] 2025-09-04T05:43:18.261Z GET /shorturls/google ip=::1
[RES] 2025-09-04T05:43:18.278Z GET /shorturls/google status=200 duration_ms=17
[REQ] 2025-09-04T05:44:14.932Z GET /shorturls/google ip=::1
[RES] 2025-09-04T05:44:14.934Z GET /shorturls/google status=304 duration_ms=2
[REQ] 2025-09-04T05:44:24.633Z POST /shorturls ip=::1
[RES] 2025-09-04T05:44:24.653Z POST /shorturls status=409 duration_ms=20
[REQ] 2025-09-04T06:01:40.604Z POST /shorturls ip=::1
[RES] 2025-09-04T06:01:40.633Z POST /shorturls status=400 duration_ms=29
[REQ] 2025-09-04T06:01:55.055Z POST /shorturls ip=::1
[RES] 2025-09-04T06:01:55.066Z POST /shorturls status=201 duration_ms=11
[REQ] 2025-09-04T06:01:57.272Z GET /youtube ip=::1
[RES] 2025-09-04T06:01:57.293Z GET /youtube status=302 duration_ms=21
[REQ] 2025-09-04T06:02:10.527Z GET /shorturls/youtube ip=::1
[RES] 2025-09-04T06:02:10.547Z GET /shorturls/youtube status=200 duration_ms=20
[REQ] 2025-09-04T06:02:13.235Z GET /shorturls/youtube ip=::1
[RES] 2025-09-04T06:02:13.238Z GET /shorturls/youtube status=304 duration_ms=3
[REQ] 2025-09-04T06:19:07.972Z POST /shorturls ip=::1
[RES] 2025-09-04T06:19:08.007Z POST /shorturls status=400 duration_ms=35
[REQ] 2025-09-04T06:19:22.466Z POST /shorturls ip=::1
[RES] 2025-09-04T06:19:22.478Z POST /shorturls status=201 duration_ms=12
[REQ] 2025-09-04T06:19:34.009Z POST /shorturls ip=::1
[RES] 2025-09-04T06:19:34.052Z POST /shorturls status=201 duration_ms=43
[REQ] 2025-09-04T06:19:35.953Z POST /shorturls ip=::1
[RES] 2025-09-04T06:19:35.977Z POST /shorturls status=201 duration_ms=24
[REQ] 2025-09-04T06:19:42.814Z POST /shorturls ip=::1
[RES] 2025-09-04T06:19:42.845Z POST /shorturls status=400 duration_ms=31
[REQ] 2025-09-04T06:19:48.807Z POST /shorturls ip=::1
[RES] 2025-09-04T06:19:48.834Z POST /shorturls status=201 duration_ms=27
[REQ] 2025-09-04T06:42:07.146Z POST /shorturls ip=::1
[RES] 2025-09-04T06:42:07.226Z POST /shorturls status=201 duration_ms=80
[REQ] 2025-09-04T06:43:16.780Z POST /shorturls ip=::1
[RES] 2025-09-04T06:43:16.805Z POST /shorturls status=201 duration_ms=25
[REQ] 2025-09-04T06:43:32.141Z GET /shorturls/google ip=::1
[RES] 2025-09-04T06:43:32.152Z GET /shorturls/google status=200 duration_ms=11
